{
  "uid" : "ada615d66867d6f8",
  "name" : "Создание кандидата (все поля заполнены)",
  "fullName" : "test.candidates.CreateCandidateTests.createCandidate",
  "historyId" : "6c6a7fc286faefee0d47826f8fc2aab3",
  "time" : {
    "start" : 1523952301266,
    "stop" : 1523952325100,
    "duration" : 23834
  },
  "status" : "broken",
  "statusDetails" : {
    "message" : "unknown error: Element <span>...</span> is not clickable at point (716, 625). Other element would receive the click: <div class=\"add-recomendation add-details edit-mode editable col-xs-12 col-sm-12 col-md-12 col-lg-12 padding-0\">...</div>\n  (Session info: chrome=65.0.3325.181)\n  (Driver info: chromedriver=2.37.544315 (730aa6a5fdba159ac9f4c1e8cbc59bf1b5ce12b7),platform=Windows NT 10.0.16299 x86_64) (WARNING: The server did not provide any stacktrace information)\nCommand duration or timeout: 0 milliseconds\nBuild info: version: '3.11.0', revision: 'e59cfb3', time: '2018-03-11T20:26:55.152Z'\nSystem info: host: 'DESKTOP-DD3A5QC', ip: '192.168.0.58', os.name: 'Windows 10', os.arch: 'amd64', os.version: '10.0', java.version: '1.8.0_161'\nDriver info: org.openqa.selenium.chrome.ChromeDriver\nCapabilities {acceptInsecureCerts: false, acceptSslCerts: false, applicationCacheEnabled: false, browserConnectionEnabled: false, browserName: chrome, chrome: {chromedriverVersion: 2.37.544315 (730aa6a5fdba15..., userDataDir: C:\\Users\\vital\\AppData\\Loca...}, cssSelectorsEnabled: true, databaseEnabled: false, handlesAlerts: true, hasTouchScreen: false, javascriptEnabled: true, locationContextEnabled: true, mobileEmulationEnabled: false, nativeEvents: true, networkConnectionEnabled: false, pageLoadStrategy: normal, platform: XP, platformName: XP, rotatable: false, setWindowRect: true, takesHeapSnapshot: true, takesScreenshot: true, unexpectedAlertBehaviour: , unhandledPromptBehavior: , version: 65.0.3325.181, webStorageEnabled: true}\nSession ID: 6aff7034a6240e55ac76625509b55195",
    "trace" : "org.openqa.selenium.WebDriverException: unknown error: Element <span>...</span> is not clickable at point (716, 625). Other element would receive the click: <div class=\"add-recomendation add-details edit-mode editable col-xs-12 col-sm-12 col-md-12 col-lg-12 padding-0\">...</div>\n  (Session info: chrome=65.0.3325.181)\n  (Driver info: chromedriver=2.37.544315 (730aa6a5fdba159ac9f4c1e8cbc59bf1b5ce12b7),platform=Windows NT 10.0.16299 x86_64) (WARNING: The server did not provide any stacktrace information)\nCommand duration or timeout: 0 milliseconds\nBuild info: version: '3.11.0', revision: 'e59cfb3', time: '2018-03-11T20:26:55.152Z'\nSystem info: host: 'DESKTOP-DD3A5QC', ip: '192.168.0.58', os.name: 'Windows 10', os.arch: 'amd64', os.version: '10.0', java.version: '1.8.0_161'\nDriver info: org.openqa.selenium.chrome.ChromeDriver\nCapabilities {acceptInsecureCerts: false, acceptSslCerts: false, applicationCacheEnabled: false, browserConnectionEnabled: false, browserName: chrome, chrome: {chromedriverVersion: 2.37.544315 (730aa6a5fdba15..., userDataDir: C:\\Users\\vital\\AppData\\Loca...}, cssSelectorsEnabled: true, databaseEnabled: false, handlesAlerts: true, hasTouchScreen: false, javascriptEnabled: true, locationContextEnabled: true, mobileEmulationEnabled: false, nativeEvents: true, networkConnectionEnabled: false, pageLoadStrategy: normal, platform: XP, platformName: XP, rotatable: false, setWindowRect: true, takesHeapSnapshot: true, takesScreenshot: true, unexpectedAlertBehaviour: , unhandledPromptBehavior: , version: 65.0.3325.181, webStorageEnabled: true}\nSession ID: 6aff7034a6240e55ac76625509b55195\r\n\tat sun.reflect.NativeConstructorAccessorImpl.newInstance0(Native Method)\r\n\tat sun.reflect.NativeConstructorAccessorImpl.newInstance(NativeConstructorAccessorImpl.java:62)\r\n\tat sun.reflect.DelegatingConstructorAccessorImpl.newInstance(DelegatingConstructorAccessorImpl.java:45)\r\n\tat java.lang.reflect.Constructor.newInstance(Constructor.java:423)\r\n\tat org.openqa.selenium.remote.ErrorHandler.createThrowable(ErrorHandler.java:214)\r\n\tat org.openqa.selenium.remote.ErrorHandler.throwIfResponseFailed(ErrorHandler.java:166)\r\n\tat org.openqa.selenium.remote.http.JsonHttpResponseCodec.reconstructValue(JsonHttpResponseCodec.java:40)\r\n\tat org.openqa.selenium.remote.http.AbstractHttpResponseCodec.decode(AbstractHttpResponseCodec.java:80)\r\n\tat org.openqa.selenium.remote.http.AbstractHttpResponseCodec.decode(AbstractHttpResponseCodec.java:44)\r\n\tat org.openqa.selenium.remote.HttpCommandExecutor.execute(HttpCommandExecutor.java:158)\r\n\tat org.openqa.selenium.remote.service.DriverCommandExecutor.execute(DriverCommandExecutor.java:83)\r\n\tat org.openqa.selenium.remote.RemoteWebDriver.execute(RemoteWebDriver.java:545)\r\n\tat org.openqa.selenium.remote.RemoteWebElement.execute(RemoteWebElement.java:279)\r\n\tat org.openqa.selenium.remote.RemoteWebElement.click(RemoteWebElement.java:83)\r\n\tat element.GenericElement.click(GenericElement.java:78)\r\n\tat web.page.candidates.CandidateCreatePage.typeRecInformation_aroundBody34(CandidateCreatePage.java:190)\r\n\tat web.page.candidates.CandidateCreatePage$AjcClosure35.run(CandidateCreatePage.java:1)\r\n\tat org.aspectj.runtime.reflect.JoinPointImpl.proceed(JoinPointImpl.java:149)\r\n\tat io.qameta.allure.aspects.StepsAspects.step(StepsAspects.java:51)\r\n\tat web.page.candidates.CandidateCreatePage.typeRecInformation(CandidateCreatePage.java:189)\r\n\tat web.page.candidates.CandidateCreatePage.typeInformationFull_aroundBody58(CandidateCreatePage.java:310)\r\n\tat web.page.candidates.CandidateCreatePage$AjcClosure59.run(CandidateCreatePage.java:1)\r\n\tat org.aspectj.runtime.reflect.JoinPointImpl.proceed(JoinPointImpl.java:149)\r\n\tat io.qameta.allure.aspects.StepsAspects.step(StepsAspects.java:51)\r\n\tat web.page.candidates.CandidateCreatePage.typeInformationFull(CandidateCreatePage.java:293)\r\n\tat test.candidates.CreateCandidateTests.createCandidate(CreateCandidateTests.java:39)\r\n\tat sun.reflect.NativeMethodAccessorImpl.invoke0(Native Method)\r\n\tat sun.reflect.NativeMethodAccessorImpl.invoke(NativeMethodAccessorImpl.java:62)\r\n\tat sun.reflect.DelegatingMethodAccessorImpl.invoke(DelegatingMethodAccessorImpl.java:43)\r\n\tat java.lang.reflect.Method.invoke(Method.java:498)\r\n\tat org.junit.runners.model.FrameworkMethod$1.runReflectiveCall(FrameworkMethod.java:50)\r\n\tat org.junit.internal.runners.model.ReflectiveCallable.run(ReflectiveCallable.java:12)\r\n\tat org.junit.runners.model.FrameworkMethod.invokeExplosively(FrameworkMethod.java:47)\r\n\tat org.junit.internal.runners.statements.InvokeMethod.evaluate(InvokeMethod.java:17)\r\n\tat org.junit.internal.runners.statements.RunAfters.evaluate(RunAfters.java:27)\r\n\tat org.junit.runners.ParentRunner.runLeaf(ParentRunner.java:325)\r\n\tat org.junit.runners.BlockJUnit4ClassRunner.runChild(BlockJUnit4ClassRunner.java:78)\r\n\tat org.junit.runners.BlockJUnit4ClassRunner.runChild(BlockJUnit4ClassRunner.java:57)\r\n\tat org.junit.runners.ParentRunner$3.run(ParentRunner.java:290)\r\n\tat org.junit.runners.ParentRunner$1.schedule(ParentRunner.java:71)\r\n\tat org.junit.runners.ParentRunner.runChildren(ParentRunner.java:288)\r\n\tat org.junit.runners.ParentRunner.access$000(ParentRunner.java:58)\r\n\tat org.junit.runners.ParentRunner$2.evaluate(ParentRunner.java:268)\r\n\tat org.junit.runners.ParentRunner.run(ParentRunner.java:363)\r\n\tat org.apache.maven.surefire.junit4.JUnit4Provider.execute(JUnit4Provider.java:365)\r\n\tat org.apache.maven.surefire.junit4.JUnit4Provider.executeWithRerun(JUnit4Provider.java:272)\r\n\tat org.apache.maven.surefire.junit4.JUnit4Provider.executeTestSet(JUnit4Provider.java:236)\r\n\tat org.apache.maven.surefire.junit4.JUnit4Provider.invoke(JUnit4Provider.java:159)\r\n\tat org.apache.maven.surefire.booter.ForkedBooter.invokeProviderInSameClassLoader(ForkedBooter.java:386)\r\n\tat org.apache.maven.surefire.booter.ForkedBooter.runSuitesInProcess(ForkedBooter.java:323)\r\n\tat org.apache.maven.surefire.booter.ForkedBooter.main(ForkedBooter.java:143)\r\n",
    "flaky" : false
  },
  "description" : "Создание с заполнением всех полей",
  "descriptionHtml" : "<p>Создание с заполнением всех полей</p>",
  "beforeStages" : [ ],
  "testStage" : {
    "status" : "broken",
    "statusDetails" : {
      "message" : "unknown error: Element <span>...</span> is not clickable at point (716, 625). Other element would receive the click: <div class=\"add-recomendation add-details edit-mode editable col-xs-12 col-sm-12 col-md-12 col-lg-12 padding-0\">...</div>\n  (Session info: chrome=65.0.3325.181)\n  (Driver info: chromedriver=2.37.544315 (730aa6a5fdba159ac9f4c1e8cbc59bf1b5ce12b7),platform=Windows NT 10.0.16299 x86_64) (WARNING: The server did not provide any stacktrace information)\nCommand duration or timeout: 0 milliseconds\nBuild info: version: '3.11.0', revision: 'e59cfb3', time: '2018-03-11T20:26:55.152Z'\nSystem info: host: 'DESKTOP-DD3A5QC', ip: '192.168.0.58', os.name: 'Windows 10', os.arch: 'amd64', os.version: '10.0', java.version: '1.8.0_161'\nDriver info: org.openqa.selenium.chrome.ChromeDriver\nCapabilities {acceptInsecureCerts: false, acceptSslCerts: false, applicationCacheEnabled: false, browserConnectionEnabled: false, browserName: chrome, chrome: {chromedriverVersion: 2.37.544315 (730aa6a5fdba15..., userDataDir: C:\\Users\\vital\\AppData\\Loca...}, cssSelectorsEnabled: true, databaseEnabled: false, handlesAlerts: true, hasTouchScreen: false, javascriptEnabled: true, locationContextEnabled: true, mobileEmulationEnabled: false, nativeEvents: true, networkConnectionEnabled: false, pageLoadStrategy: normal, platform: XP, platformName: XP, rotatable: false, setWindowRect: true, takesHeapSnapshot: true, takesScreenshot: true, unexpectedAlertBehaviour: , unhandledPromptBehavior: , version: 65.0.3325.181, webStorageEnabled: true}\nSession ID: 6aff7034a6240e55ac76625509b55195",
      "trace" : "org.openqa.selenium.WebDriverException: unknown error: Element <span>...</span> is not clickable at point (716, 625). Other element would receive the click: <div class=\"add-recomendation add-details edit-mode editable col-xs-12 col-sm-12 col-md-12 col-lg-12 padding-0\">...</div>\n  (Session info: chrome=65.0.3325.181)\n  (Driver info: chromedriver=2.37.544315 (730aa6a5fdba159ac9f4c1e8cbc59bf1b5ce12b7),platform=Windows NT 10.0.16299 x86_64) (WARNING: The server did not provide any stacktrace information)\nCommand duration or timeout: 0 milliseconds\nBuild info: version: '3.11.0', revision: 'e59cfb3', time: '2018-03-11T20:26:55.152Z'\nSystem info: host: 'DESKTOP-DD3A5QC', ip: '192.168.0.58', os.name: 'Windows 10', os.arch: 'amd64', os.version: '10.0', java.version: '1.8.0_161'\nDriver info: org.openqa.selenium.chrome.ChromeDriver\nCapabilities {acceptInsecureCerts: false, acceptSslCerts: false, applicationCacheEnabled: false, browserConnectionEnabled: false, browserName: chrome, chrome: {chromedriverVersion: 2.37.544315 (730aa6a5fdba15..., userDataDir: C:\\Users\\vital\\AppData\\Loca...}, cssSelectorsEnabled: true, databaseEnabled: false, handlesAlerts: true, hasTouchScreen: false, javascriptEnabled: true, locationContextEnabled: true, mobileEmulationEnabled: false, nativeEvents: true, networkConnectionEnabled: false, pageLoadStrategy: normal, platform: XP, platformName: XP, rotatable: false, setWindowRect: true, takesHeapSnapshot: true, takesScreenshot: true, unexpectedAlertBehaviour: , unhandledPromptBehavior: , version: 65.0.3325.181, webStorageEnabled: true}\nSession ID: 6aff7034a6240e55ac76625509b55195\r\n\tat sun.reflect.NativeConstructorAccessorImpl.newInstance0(Native Method)\r\n\tat sun.reflect.NativeConstructorAccessorImpl.newInstance(NativeConstructorAccessorImpl.java:62)\r\n\tat sun.reflect.DelegatingConstructorAccessorImpl.newInstance(DelegatingConstructorAccessorImpl.java:45)\r\n\tat java.lang.reflect.Constructor.newInstance(Constructor.java:423)\r\n\tat org.openqa.selenium.remote.ErrorHandler.createThrowable(ErrorHandler.java:214)\r\n\tat org.openqa.selenium.remote.ErrorHandler.throwIfResponseFailed(ErrorHandler.java:166)\r\n\tat org.openqa.selenium.remote.http.JsonHttpResponseCodec.reconstructValue(JsonHttpResponseCodec.java:40)\r\n\tat org.openqa.selenium.remote.http.AbstractHttpResponseCodec.decode(AbstractHttpResponseCodec.java:80)\r\n\tat org.openqa.selenium.remote.http.AbstractHttpResponseCodec.decode(AbstractHttpResponseCodec.java:44)\r\n\tat org.openqa.selenium.remote.HttpCommandExecutor.execute(HttpCommandExecutor.java:158)\r\n\tat org.openqa.selenium.remote.service.DriverCommandExecutor.execute(DriverCommandExecutor.java:83)\r\n\tat org.openqa.selenium.remote.RemoteWebDriver.execute(RemoteWebDriver.java:545)\r\n\tat org.openqa.selenium.remote.RemoteWebElement.execute(RemoteWebElement.java:279)\r\n\tat org.openqa.selenium.remote.RemoteWebElement.click(RemoteWebElement.java:83)\r\n\tat element.GenericElement.click(GenericElement.java:78)\r\n\tat web.page.candidates.CandidateCreatePage.typeRecInformation_aroundBody34(CandidateCreatePage.java:190)\r\n\tat web.page.candidates.CandidateCreatePage$AjcClosure35.run(CandidateCreatePage.java:1)\r\n\tat org.aspectj.runtime.reflect.JoinPointImpl.proceed(JoinPointImpl.java:149)\r\n\tat io.qameta.allure.aspects.StepsAspects.step(StepsAspects.java:51)\r\n\tat web.page.candidates.CandidateCreatePage.typeRecInformation(CandidateCreatePage.java:189)\r\n\tat web.page.candidates.CandidateCreatePage.typeInformationFull_aroundBody58(CandidateCreatePage.java:310)\r\n\tat web.page.candidates.CandidateCreatePage$AjcClosure59.run(CandidateCreatePage.java:1)\r\n\tat org.aspectj.runtime.reflect.JoinPointImpl.proceed(JoinPointImpl.java:149)\r\n\tat io.qameta.allure.aspects.StepsAspects.step(StepsAspects.java:51)\r\n\tat web.page.candidates.CandidateCreatePage.typeInformationFull(CandidateCreatePage.java:293)\r\n\tat test.candidates.CreateCandidateTests.createCandidate(CreateCandidateTests.java:39)\r\n\tat sun.reflect.NativeMethodAccessorImpl.invoke0(Native Method)\r\n\tat sun.reflect.NativeMethodAccessorImpl.invoke(NativeMethodAccessorImpl.java:62)\r\n\tat sun.reflect.DelegatingMethodAccessorImpl.invoke(DelegatingMethodAccessorImpl.java:43)\r\n\tat java.lang.reflect.Method.invoke(Method.java:498)\r\n\tat org.junit.runners.model.FrameworkMethod$1.runReflectiveCall(FrameworkMethod.java:50)\r\n\tat org.junit.internal.runners.model.ReflectiveCallable.run(ReflectiveCallable.java:12)\r\n\tat org.junit.runners.model.FrameworkMethod.invokeExplosively(FrameworkMethod.java:47)\r\n\tat org.junit.internal.runners.statements.InvokeMethod.evaluate(InvokeMethod.java:17)\r\n\tat org.junit.internal.runners.statements.RunAfters.evaluate(RunAfters.java:27)\r\n\tat org.junit.runners.ParentRunner.runLeaf(ParentRunner.java:325)\r\n\tat org.junit.runners.BlockJUnit4ClassRunner.runChild(BlockJUnit4ClassRunner.java:78)\r\n\tat org.junit.runners.BlockJUnit4ClassRunner.runChild(BlockJUnit4ClassRunner.java:57)\r\n\tat org.junit.runners.ParentRunner$3.run(ParentRunner.java:290)\r\n\tat org.junit.runners.ParentRunner$1.schedule(ParentRunner.java:71)\r\n\tat org.junit.runners.ParentRunner.runChildren(ParentRunner.java:288)\r\n\tat org.junit.runners.ParentRunner.access$000(ParentRunner.java:58)\r\n\tat org.junit.runners.ParentRunner$2.evaluate(ParentRunner.java:268)\r\n\tat org.junit.runners.ParentRunner.run(ParentRunner.java:363)\r\n\tat org.apache.maven.surefire.junit4.JUnit4Provider.execute(JUnit4Provider.java:365)\r\n\tat org.apache.maven.surefire.junit4.JUnit4Provider.executeWithRerun(JUnit4Provider.java:272)\r\n\tat org.apache.maven.surefire.junit4.JUnit4Provider.executeTestSet(JUnit4Provider.java:236)\r\n\tat org.apache.maven.surefire.junit4.JUnit4Provider.invoke(JUnit4Provider.java:159)\r\n\tat org.apache.maven.surefire.booter.ForkedBooter.invokeProviderInSameClassLoader(ForkedBooter.java:386)\r\n\tat org.apache.maven.surefire.booter.ForkedBooter.runSuitesInProcess(ForkedBooter.java:323)\r\n\tat org.apache.maven.surefire.booter.ForkedBooter.main(ForkedBooter.java:143)\r\n",
      "flaky" : false
    },
    "steps" : [ {
      "name" : "Логинимся в систему",
      "time" : {
        "start" : 1523952301266,
        "stop" : 1523952310561,
        "duration" : 9295
      },
      "status" : "passed",
      "hasContent" : true,
      "attachmentsCount" : 0,
      "stepsCount" : 4,
      "steps" : [ {
        "name" : "Переход на страницу логина",
        "time" : {
          "start" : 1523952301266,
          "stop" : 1523952304588,
          "duration" : 3322
        },
        "status" : "passed",
        "hasContent" : false,
        "attachmentsCount" : 0,
        "stepsCount" : 0,
        "steps" : [ ],
        "attachments" : [ ],
        "parameters" : [ ]
      }, {
        "name" : "Ввод имени",
        "time" : {
          "start" : 1523952304588,
          "stop" : 1523952304948,
          "duration" : 360
        },
        "status" : "passed",
        "hasContent" : true,
        "attachmentsCount" : 0,
        "stepsCount" : 0,
        "steps" : [ ],
        "attachments" : [ ],
        "parameters" : [ {
          "name" : "name",
          "value" : "kabanov@tc.by"
        } ]
      }, {
        "name" : "Ввод пароля",
        "time" : {
          "start" : 1523952304949,
          "stop" : 1523952305223,
          "duration" : 274
        },
        "status" : "passed",
        "hasContent" : true,
        "attachmentsCount" : 0,
        "stepsCount" : 0,
        "steps" : [ ],
        "attachments" : [ ],
        "parameters" : [ {
          "name" : "password",
          "value" : "welcome"
        } ]
      }, {
        "name" : "Кликаем кнопку логина",
        "time" : {
          "start" : 1523952305223,
          "stop" : 1523952310561,
          "duration" : 5338
        },
        "status" : "passed",
        "hasContent" : false,
        "attachmentsCount" : 0,
        "stepsCount" : 0,
        "steps" : [ ],
        "attachments" : [ ],
        "parameters" : [ ]
      } ],
      "attachments" : [ ],
      "parameters" : [ ]
    }, {
      "name" : "Переход на страницу создания кандидата",
      "time" : {
        "start" : 1523952310561,
        "stop" : 1523952313859,
        "duration" : 3298
      },
      "status" : "passed",
      "hasContent" : false,
      "attachmentsCount" : 0,
      "stepsCount" : 0,
      "steps" : [ ],
      "attachments" : [ ],
      "parameters" : [ ]
    }, {
      "name" : "Ввод всей инфорации о кандидатах",
      "time" : {
        "start" : 1523952313859,
        "stop" : 1523952323003,
        "duration" : 9144
      },
      "status" : "broken",
      "statusDetails" : {
        "message" : "unknown error: Element <span>...</span> is not clickable at point (716, 625). Other element would receive the click: <div class=\"add-recomendation add-details edit-mode editable col-xs-12 col-sm-12 col-md-12 col-lg-12 padding-0\">...</div>\n  (Session info: chrome=65.0.3325.181)\n  (Driver info: chromedriver=2.37.544315 (730aa6a5fdba159ac9f4c1e8cbc59bf1b5ce12b7),platform=Windows NT 10.0.16299 x86_64) (WARNING: The server did not provide any stacktrace information)\nCommand duration or timeout: 0 milliseconds\nBuild info: version: '3.11.0', revision: 'e59cfb3', time: '2018-03-11T20:26:55.152Z'\nSystem info: host: 'DESKTOP-DD3A5QC', ip: '192.168.0.58', os.name: 'Windows 10', os.arch: 'amd64', os.version: '10.0', java.version: '1.8.0_161'\nDriver info: org.openqa.selenium.chrome.ChromeDriver\nCapabilities {acceptInsecureCerts: false, acceptSslCerts: false, applicationCacheEnabled: false, browserConnectionEnabled: false, browserName: chrome, chrome: {chromedriverVersion: 2.37.544315 (730aa6a5fdba15..., userDataDir: C:\\Users\\vital\\AppData\\Loca...}, cssSelectorsEnabled: true, databaseEnabled: false, handlesAlerts: true, hasTouchScreen: false, javascriptEnabled: true, locationContextEnabled: true, mobileEmulationEnabled: false, nativeEvents: true, networkConnectionEnabled: false, pageLoadStrategy: normal, platform: XP, platformName: XP, rotatable: false, setWindowRect: true, takesHeapSnapshot: true, takesScreenshot: true, unexpectedAlertBehaviour: , unhandledPromptBehavior: , version: 65.0.3325.181, webStorageEnabled: true}\nSession ID: 6aff7034a6240e55ac76625509b55195",
        "trace" : "org.openqa.selenium.WebDriverException: unknown error: Element <span>...</span> is not clickable at point (716, 625). Other element would receive the click: <div class=\"add-recomendation add-details edit-mode editable col-xs-12 col-sm-12 col-md-12 col-lg-12 padding-0\">...</div>\n  (Session info: chrome=65.0.3325.181)\n  (Driver info: chromedriver=2.37.544315 (730aa6a5fdba159ac9f4c1e8cbc59bf1b5ce12b7),platform=Windows NT 10.0.16299 x86_64) (WARNING: The server did not provide any stacktrace information)\nCommand duration or timeout: 0 milliseconds\nBuild info: version: '3.11.0', revision: 'e59cfb3', time: '2018-03-11T20:26:55.152Z'\nSystem info: host: 'DESKTOP-DD3A5QC', ip: '192.168.0.58', os.name: 'Windows 10', os.arch: 'amd64', os.version: '10.0', java.version: '1.8.0_161'\nDriver info: org.openqa.selenium.chrome.ChromeDriver\nCapabilities {acceptInsecureCerts: false, acceptSslCerts: false, applicationCacheEnabled: false, browserConnectionEnabled: false, browserName: chrome, chrome: {chromedriverVersion: 2.37.544315 (730aa6a5fdba15..., userDataDir: C:\\Users\\vital\\AppData\\Loca...}, cssSelectorsEnabled: true, databaseEnabled: false, handlesAlerts: true, hasTouchScreen: false, javascriptEnabled: true, locationContextEnabled: true, mobileEmulationEnabled: false, nativeEvents: true, networkConnectionEnabled: false, pageLoadStrategy: normal, platform: XP, platformName: XP, rotatable: false, setWindowRect: true, takesHeapSnapshot: true, takesScreenshot: true, unexpectedAlertBehaviour: , unhandledPromptBehavior: , version: 65.0.3325.181, webStorageEnabled: true}\nSession ID: 6aff7034a6240e55ac76625509b55195\r\n\tat sun.reflect.NativeConstructorAccessorImpl.newInstance0(Native Method)\r\n\tat sun.reflect.NativeConstructorAccessorImpl.newInstance(NativeConstructorAccessorImpl.java:62)\r\n\tat sun.reflect.DelegatingConstructorAccessorImpl.newInstance(DelegatingConstructorAccessorImpl.java:45)\r\n\tat java.lang.reflect.Constructor.newInstance(Constructor.java:423)\r\n\tat org.openqa.selenium.remote.ErrorHandler.createThrowable(ErrorHandler.java:214)\r\n\tat org.openqa.selenium.remote.ErrorHandler.throwIfResponseFailed(ErrorHandler.java:166)\r\n\tat org.openqa.selenium.remote.http.JsonHttpResponseCodec.reconstructValue(JsonHttpResponseCodec.java:40)\r\n\tat org.openqa.selenium.remote.http.AbstractHttpResponseCodec.decode(AbstractHttpResponseCodec.java:80)\r\n\tat org.openqa.selenium.remote.http.AbstractHttpResponseCodec.decode(AbstractHttpResponseCodec.java:44)\r\n\tat org.openqa.selenium.remote.HttpCommandExecutor.execute(HttpCommandExecutor.java:158)\r\n\tat org.openqa.selenium.remote.service.DriverCommandExecutor.execute(DriverCommandExecutor.java:83)\r\n\tat org.openqa.selenium.remote.RemoteWebDriver.execute(RemoteWebDriver.java:545)\r\n\tat org.openqa.selenium.remote.RemoteWebElement.execute(RemoteWebElement.java:279)\r\n\tat org.openqa.selenium.remote.RemoteWebElement.click(RemoteWebElement.java:83)\r\n\tat element.GenericElement.click(GenericElement.java:78)\r\n\tat web.page.candidates.CandidateCreatePage.typeRecInformation_aroundBody34(CandidateCreatePage.java:190)\r\n\tat web.page.candidates.CandidateCreatePage$AjcClosure35.run(CandidateCreatePage.java:1)\r\n\tat org.aspectj.runtime.reflect.JoinPointImpl.proceed(JoinPointImpl.java:149)\r\n\tat io.qameta.allure.aspects.StepsAspects.step(StepsAspects.java:51)\r\n\tat web.page.candidates.CandidateCreatePage.typeRecInformation(CandidateCreatePage.java:189)\r\n\tat web.page.candidates.CandidateCreatePage.typeInformationFull_aroundBody58(CandidateCreatePage.java:310)\r\n\tat web.page.candidates.CandidateCreatePage$AjcClosure59.run(CandidateCreatePage.java:1)\r\n\tat org.aspectj.runtime.reflect.JoinPointImpl.proceed(JoinPointImpl.java:149)\r\n\tat io.qameta.allure.aspects.StepsAspects.step(StepsAspects.java:51)\r\n\tat web.page.candidates.CandidateCreatePage.typeInformationFull(CandidateCreatePage.java:293)\r\n\tat test.candidates.CreateCandidateTests.createCandidate(CreateCandidateTests.java:39)\r\n\tat sun.reflect.NativeMethodAccessorImpl.invoke0(Native Method)\r\n\tat sun.reflect.NativeMethodAccessorImpl.invoke(NativeMethodAccessorImpl.java:62)\r\n\tat sun.reflect.DelegatingMethodAccessorImpl.invoke(DelegatingMethodAccessorImpl.java:43)\r\n\tat java.lang.reflect.Method.invoke(Method.java:498)\r\n\tat org.junit.runners.model.FrameworkMethod$1.runReflectiveCall(FrameworkMethod.java:50)\r\n\tat org.junit.internal.runners.model.ReflectiveCallable.run(ReflectiveCallable.java:12)\r\n\tat org.junit.runners.model.FrameworkMethod.invokeExplosively(FrameworkMethod.java:47)\r\n\tat org.junit.internal.runners.statements.InvokeMethod.evaluate(InvokeMethod.java:17)\r\n\tat org.junit.internal.runners.statements.RunAfters.evaluate(RunAfters.java:27)\r\n\tat org.junit.runners.ParentRunner.runLeaf(ParentRunner.java:325)\r\n\tat org.junit.runners.BlockJUnit4ClassRunner.runChild(BlockJUnit4ClassRunner.java:78)\r\n\tat org.junit.runners.BlockJUnit4ClassRunner.runChild(BlockJUnit4ClassRunner.java:57)\r\n\tat org.junit.runners.ParentRunner$3.run(ParentRunner.java:290)\r\n\tat org.junit.runners.ParentRunner$1.schedule(ParentRunner.java:71)\r\n\tat org.junit.runners.ParentRunner.runChildren(ParentRunner.java:288)\r\n\tat org.junit.runners.ParentRunner.access$000(ParentRunner.java:58)\r\n\tat org.junit.runners.ParentRunner$2.evaluate(ParentRunner.java:268)\r\n\tat org.junit.runners.ParentRunner.run(ParentRunner.java:363)\r\n\tat org.apache.maven.surefire.junit4.JUnit4Provider.execute(JUnit4Provider.java:365)\r\n\tat org.apache.maven.surefire.junit4.JUnit4Provider.executeWithRerun(JUnit4Provider.java:272)\r\n\tat org.apache.maven.surefire.junit4.JUnit4Provider.executeTestSet(JUnit4Provider.java:236)\r\n\tat org.apache.maven.surefire.junit4.JUnit4Provider.invoke(JUnit4Provider.java:159)\r\n\tat org.apache.maven.surefire.booter.ForkedBooter.invokeProviderInSameClassLoader(ForkedBooter.java:386)\r\n\tat org.apache.maven.surefire.booter.ForkedBooter.runSuitesInProcess(ForkedBooter.java:323)\r\n\tat org.apache.maven.surefire.booter.ForkedBooter.main(ForkedBooter.java:143)\r\n",
        "flaky" : false
      },
      "hasContent" : true,
      "attachmentsCount" : 0,
      "stepsCount" : 16,
      "steps" : [ {
        "name" : "Ввод фамилии",
        "time" : {
          "start" : 1523952313860,
          "stop" : 1523952314163,
          "duration" : 303
        },
        "status" : "passed",
        "hasContent" : true,
        "attachmentsCount" : 0,
        "stepsCount" : 0,
        "steps" : [ ],
        "attachments" : [ ],
        "parameters" : [ {
          "name" : "surname",
          "value" : "Иванов"
        } ]
      }, {
        "name" : "Ввод имени",
        "time" : {
          "start" : 1523952314164,
          "stop" : 1523952314405,
          "duration" : 241
        },
        "status" : "passed",
        "hasContent" : true,
        "attachmentsCount" : 0,
        "stepsCount" : 0,
        "steps" : [ ],
        "attachments" : [ ],
        "parameters" : [ {
          "name" : "name",
          "value" : "Иван"
        } ]
      }, {
        "name" : "Ввод отчества",
        "time" : {
          "start" : 1523952314405,
          "stop" : 1523952314691,
          "duration" : 286
        },
        "status" : "passed",
        "hasContent" : true,
        "attachmentsCount" : 0,
        "stepsCount" : 0,
        "steps" : [ ],
        "attachments" : [ ],
        "parameters" : [ {
          "name" : "secondname",
          "value" : "Иванович"
        } ]
      }, {
        "name" : "Ввод телефона",
        "time" : {
          "start" : 1523952314691,
          "stop" : 1523952315028,
          "duration" : 337
        },
        "status" : "passed",
        "hasContent" : true,
        "attachmentsCount" : 0,
        "stepsCount" : 0,
        "steps" : [ ],
        "attachments" : [ ],
        "parameters" : [ {
          "name" : "phone",
          "value" : "80291234567"
        } ]
      }, {
        "name" : "Ввод email",
        "time" : {
          "start" : 1523952315028,
          "stop" : 1523952315417,
          "duration" : 389
        },
        "status" : "passed",
        "hasContent" : true,
        "attachmentsCount" : 0,
        "stepsCount" : 0,
        "steps" : [ ],
        "attachments" : [ ],
        "parameters" : [ {
          "name" : "email",
          "value" : "vanya@mail.ru"
        } ]
      }, {
        "name" : "Ввод skype",
        "time" : {
          "start" : 1523952315418,
          "stop" : 1523952315774,
          "duration" : 356
        },
        "status" : "passed",
        "hasContent" : true,
        "attachmentsCount" : 0,
        "stepsCount" : 0,
        "steps" : [ ],
        "attachments" : [ ],
        "parameters" : [ {
          "name" : "skype",
          "value" : "ivanov_ivan"
        } ]
      }, {
        "name" : "Ввод страны",
        "time" : {
          "start" : 1523952315774,
          "stop" : 1523952316055,
          "duration" : 281
        },
        "status" : "passed",
        "hasContent" : true,
        "attachmentsCount" : 0,
        "stepsCount" : 0,
        "steps" : [ ],
        "attachments" : [ ],
        "parameters" : [ {
          "name" : "country",
          "value" : "Беларусь"
        } ]
      }, {
        "name" : "Ввод города",
        "time" : {
          "start" : 1523952316056,
          "stop" : 1523952316300,
          "duration" : 244
        },
        "status" : "passed",
        "hasContent" : true,
        "attachmentsCount" : 0,
        "stepsCount" : 0,
        "steps" : [ ],
        "attachments" : [ ],
        "parameters" : [ {
          "name" : "city",
          "value" : "Минск"
        } ]
      }, {
        "name" : "Кликаем кнопку возможности переезда",
        "time" : {
          "start" : 1523952316301,
          "stop" : 1523952316512,
          "duration" : 211
        },
        "status" : "passed",
        "hasContent" : false,
        "attachmentsCount" : 0,
        "stepsCount" : 0,
        "steps" : [ ],
        "attachments" : [ ],
        "parameters" : [ ]
      }, {
        "name" : "Ввод даты рождения",
        "time" : {
          "start" : 1523952316513,
          "stop" : 1523952317117,
          "duration" : 604
        },
        "status" : "passed",
        "hasContent" : true,
        "attachmentsCount" : 0,
        "stepsCount" : 0,
        "steps" : [ ],
        "attachments" : [ ],
        "parameters" : [ {
          "name" : "day",
          "value" : "18"
        }, {
          "name" : "month",
          "value" : "01"
        }, {
          "name" : "year",
          "value" : "1996"
        } ]
      }, {
        "name" : "Выбор образования",
        "time" : {
          "start" : 1523952317118,
          "stop" : 1523952317401,
          "duration" : 283
        },
        "status" : "passed",
        "hasContent" : true,
        "attachmentsCount" : 0,
        "stepsCount" : 0,
        "steps" : [ ],
        "attachments" : [ ],
        "parameters" : [ {
          "name" : "index",
          "value" : "4"
        } ]
      }, {
        "name" : "Ввод желаемой должности",
        "time" : {
          "start" : 1523952317402,
          "stop" : 1523952317746,
          "duration" : 344
        },
        "status" : "passed",
        "hasContent" : true,
        "attachmentsCount" : 0,
        "stepsCount" : 0,
        "steps" : [ ],
        "attachments" : [ ],
        "parameters" : [ {
          "name" : "position",
          "value" : "QA engineer"
        } ]
      }, {
        "name" : "Ввод дополнительной информации",
        "time" : {
          "start" : 1523952317746,
          "stop" : 1523952318047,
          "duration" : 301
        },
        "status" : "passed",
        "hasContent" : true,
        "attachmentsCount" : 0,
        "stepsCount" : 0,
        "steps" : [ ],
        "attachments" : [ ],
        "parameters" : [ {
          "name" : "add",
          "value" : "Очень ответственный"
        } ]
      }, {
        "name" : "Ввод информации об образовании",
        "time" : {
          "start" : 1523952318048,
          "stop" : 1523952320005,
          "duration" : 1957
        },
        "status" : "passed",
        "hasContent" : true,
        "attachmentsCount" : 0,
        "stepsCount" : 0,
        "steps" : [ ],
        "attachments" : [ ],
        "parameters" : [ {
          "name" : "univer",
          "value" : "БГУИР"
        }, {
          "name" : "faculty",
          "value" : "КСИС"
        }, {
          "name" : "spec",
          "value" : "Инженер-программист"
        }, {
          "name" : "startyear",
          "value" : "2015"
        }, {
          "name" : "endyear",
          "value" : "2019"
        } ]
      }, {
        "name" : "Ввод информации об опыте работы",
        "time" : {
          "start" : 1523952320006,
          "stop" : 1523952322594,
          "duration" : 2588
        },
        "status" : "passed",
        "hasContent" : true,
        "attachmentsCount" : 0,
        "stepsCount" : 0,
        "steps" : [ ],
        "attachments" : [ ],
        "parameters" : [ {
          "name" : "pos",
          "value" : "Программист Java"
        }, {
          "name" : "comp",
          "value" : "EPAM"
        }, {
          "name" : "monthStart",
          "value" : "2"
        }, {
          "name" : "yearStart",
          "value" : "2013"
        }, {
          "name" : "monthEnd",
          "value" : "2"
        }, {
          "name" : "yearEnd",
          "value" : "2018"
        }, {
          "name" : "descr",
          "value" : "Писал Java код"
        } ]
      }, {
        "name" : "Ввод рекомендаций",
        "time" : {
          "start" : 1523952322595,
          "stop" : 1523952323002,
          "duration" : 407
        },
        "status" : "broken",
        "statusDetails" : {
          "message" : "unknown error: Element <span>...</span> is not clickable at point (716, 625). Other element would receive the click: <div class=\"add-recomendation add-details edit-mode editable col-xs-12 col-sm-12 col-md-12 col-lg-12 padding-0\">...</div>\n  (Session info: chrome=65.0.3325.181)\n  (Driver info: chromedriver=2.37.544315 (730aa6a5fdba159ac9f4c1e8cbc59bf1b5ce12b7),platform=Windows NT 10.0.16299 x86_64) (WARNING: The server did not provide any stacktrace information)\nCommand duration or timeout: 0 milliseconds\nBuild info: version: '3.11.0', revision: 'e59cfb3', time: '2018-03-11T20:26:55.152Z'\nSystem info: host: 'DESKTOP-DD3A5QC', ip: '192.168.0.58', os.name: 'Windows 10', os.arch: 'amd64', os.version: '10.0', java.version: '1.8.0_161'\nDriver info: org.openqa.selenium.chrome.ChromeDriver\nCapabilities {acceptInsecureCerts: false, acceptSslCerts: false, applicationCacheEnabled: false, browserConnectionEnabled: false, browserName: chrome, chrome: {chromedriverVersion: 2.37.544315 (730aa6a5fdba15..., userDataDir: C:\\Users\\vital\\AppData\\Loca...}, cssSelectorsEnabled: true, databaseEnabled: false, handlesAlerts: true, hasTouchScreen: false, javascriptEnabled: true, locationContextEnabled: true, mobileEmulationEnabled: false, nativeEvents: true, networkConnectionEnabled: false, pageLoadStrategy: normal, platform: XP, platformName: XP, rotatable: false, setWindowRect: true, takesHeapSnapshot: true, takesScreenshot: true, unexpectedAlertBehaviour: , unhandledPromptBehavior: , version: 65.0.3325.181, webStorageEnabled: true}\nSession ID: 6aff7034a6240e55ac76625509b55195",
          "trace" : "org.openqa.selenium.WebDriverException: unknown error: Element <span>...</span> is not clickable at point (716, 625). Other element would receive the click: <div class=\"add-recomendation add-details edit-mode editable col-xs-12 col-sm-12 col-md-12 col-lg-12 padding-0\">...</div>\n  (Session info: chrome=65.0.3325.181)\n  (Driver info: chromedriver=2.37.544315 (730aa6a5fdba159ac9f4c1e8cbc59bf1b5ce12b7),platform=Windows NT 10.0.16299 x86_64) (WARNING: The server did not provide any stacktrace information)\nCommand duration or timeout: 0 milliseconds\nBuild info: version: '3.11.0', revision: 'e59cfb3', time: '2018-03-11T20:26:55.152Z'\nSystem info: host: 'DESKTOP-DD3A5QC', ip: '192.168.0.58', os.name: 'Windows 10', os.arch: 'amd64', os.version: '10.0', java.version: '1.8.0_161'\nDriver info: org.openqa.selenium.chrome.ChromeDriver\nCapabilities {acceptInsecureCerts: false, acceptSslCerts: false, applicationCacheEnabled: false, browserConnectionEnabled: false, browserName: chrome, chrome: {chromedriverVersion: 2.37.544315 (730aa6a5fdba15..., userDataDir: C:\\Users\\vital\\AppData\\Loca...}, cssSelectorsEnabled: true, databaseEnabled: false, handlesAlerts: true, hasTouchScreen: false, javascriptEnabled: true, locationContextEnabled: true, mobileEmulationEnabled: false, nativeEvents: true, networkConnectionEnabled: false, pageLoadStrategy: normal, platform: XP, platformName: XP, rotatable: false, setWindowRect: true, takesHeapSnapshot: true, takesScreenshot: true, unexpectedAlertBehaviour: , unhandledPromptBehavior: , version: 65.0.3325.181, webStorageEnabled: true}\nSession ID: 6aff7034a6240e55ac76625509b55195\r\n\tat sun.reflect.NativeConstructorAccessorImpl.newInstance0(Native Method)\r\n\tat sun.reflect.NativeConstructorAccessorImpl.newInstance(NativeConstructorAccessorImpl.java:62)\r\n\tat sun.reflect.DelegatingConstructorAccessorImpl.newInstance(DelegatingConstructorAccessorImpl.java:45)\r\n\tat java.lang.reflect.Constructor.newInstance(Constructor.java:423)\r\n\tat org.openqa.selenium.remote.ErrorHandler.createThrowable(ErrorHandler.java:214)\r\n\tat org.openqa.selenium.remote.ErrorHandler.throwIfResponseFailed(ErrorHandler.java:166)\r\n\tat org.openqa.selenium.remote.http.JsonHttpResponseCodec.reconstructValue(JsonHttpResponseCodec.java:40)\r\n\tat org.openqa.selenium.remote.http.AbstractHttpResponseCodec.decode(AbstractHttpResponseCodec.java:80)\r\n\tat org.openqa.selenium.remote.http.AbstractHttpResponseCodec.decode(AbstractHttpResponseCodec.java:44)\r\n\tat org.openqa.selenium.remote.HttpCommandExecutor.execute(HttpCommandExecutor.java:158)\r\n\tat org.openqa.selenium.remote.service.DriverCommandExecutor.execute(DriverCommandExecutor.java:83)\r\n\tat org.openqa.selenium.remote.RemoteWebDriver.execute(RemoteWebDriver.java:545)\r\n\tat org.openqa.selenium.remote.RemoteWebElement.execute(RemoteWebElement.java:279)\r\n\tat org.openqa.selenium.remote.RemoteWebElement.click(RemoteWebElement.java:83)\r\n\tat element.GenericElement.click(GenericElement.java:78)\r\n\tat web.page.candidates.CandidateCreatePage.typeRecInformation_aroundBody34(CandidateCreatePage.java:190)\r\n\tat web.page.candidates.CandidateCreatePage$AjcClosure35.run(CandidateCreatePage.java:1)\r\n\tat org.aspectj.runtime.reflect.JoinPointImpl.proceed(JoinPointImpl.java:149)\r\n\tat io.qameta.allure.aspects.StepsAspects.step(StepsAspects.java:51)\r\n\tat web.page.candidates.CandidateCreatePage.typeRecInformation(CandidateCreatePage.java:189)\r\n\tat web.page.candidates.CandidateCreatePage.typeInformationFull_aroundBody58(CandidateCreatePage.java:310)\r\n\tat web.page.candidates.CandidateCreatePage$AjcClosure59.run(CandidateCreatePage.java:1)\r\n\tat org.aspectj.runtime.reflect.JoinPointImpl.proceed(JoinPointImpl.java:149)\r\n\tat io.qameta.allure.aspects.StepsAspects.step(StepsAspects.java:51)\r\n\tat web.page.candidates.CandidateCreatePage.typeInformationFull(CandidateCreatePage.java:293)\r\n\tat test.candidates.CreateCandidateTests.createCandidate(CreateCandidateTests.java:39)\r\n\tat sun.reflect.NativeMethodAccessorImpl.invoke0(Native Method)\r\n\tat sun.reflect.NativeMethodAccessorImpl.invoke(NativeMethodAccessorImpl.java:62)\r\n\tat sun.reflect.DelegatingMethodAccessorImpl.invoke(DelegatingMethodAccessorImpl.java:43)\r\n\tat java.lang.reflect.Method.invoke(Method.java:498)\r\n\tat org.junit.runners.model.FrameworkMethod$1.runReflectiveCall(FrameworkMethod.java:50)\r\n\tat org.junit.internal.runners.model.ReflectiveCallable.run(ReflectiveCallable.java:12)\r\n\tat org.junit.runners.model.FrameworkMethod.invokeExplosively(FrameworkMethod.java:47)\r\n\tat org.junit.internal.runners.statements.InvokeMethod.evaluate(InvokeMethod.java:17)\r\n\tat org.junit.internal.runners.statements.RunAfters.evaluate(RunAfters.java:27)\r\n\tat org.junit.runners.ParentRunner.runLeaf(ParentRunner.java:325)\r\n\tat org.junit.runners.BlockJUnit4ClassRunner.runChild(BlockJUnit4ClassRunner.java:78)\r\n\tat org.junit.runners.BlockJUnit4ClassRunner.runChild(BlockJUnit4ClassRunner.java:57)\r\n\tat org.junit.runners.ParentRunner$3.run(ParentRunner.java:290)\r\n\tat org.junit.runners.ParentRunner$1.schedule(ParentRunner.java:71)\r\n\tat org.junit.runners.ParentRunner.runChildren(ParentRunner.java:288)\r\n\tat org.junit.runners.ParentRunner.access$000(ParentRunner.java:58)\r\n\tat org.junit.runners.ParentRunner$2.evaluate(ParentRunner.java:268)\r\n\tat org.junit.runners.ParentRunner.run(ParentRunner.java:363)\r\n\tat org.apache.maven.surefire.junit4.JUnit4Provider.execute(JUnit4Provider.java:365)\r\n\tat org.apache.maven.surefire.junit4.JUnit4Provider.executeWithRerun(JUnit4Provider.java:272)\r\n\tat org.apache.maven.surefire.junit4.JUnit4Provider.executeTestSet(JUnit4Provider.java:236)\r\n\tat org.apache.maven.surefire.junit4.JUnit4Provider.invoke(JUnit4Provider.java:159)\r\n\tat org.apache.maven.surefire.booter.ForkedBooter.invokeProviderInSameClassLoader(ForkedBooter.java:386)\r\n\tat org.apache.maven.surefire.booter.ForkedBooter.runSuitesInProcess(ForkedBooter.java:323)\r\n\tat org.apache.maven.surefire.booter.ForkedBooter.main(ForkedBooter.java:143)\r\n",
          "flaky" : false
        },
        "hasContent" : true,
        "attachmentsCount" : 0,
        "stepsCount" : 0,
        "steps" : [ ],
        "attachments" : [ ],
        "parameters" : [ {
          "name" : "name",
          "value" : "Сидоров Максим Иванович"
        }, {
          "name" : "position",
          "value" : "Team lead"
        }, {
          "name" : "company",
          "value" : "EPAM"
        }, {
          "name" : "phone",
          "value" : "222-32-32"
        } ]
      } ],
      "attachments" : [ ],
      "parameters" : [ ]
    } ],
    "attachments" : [ ],
    "hasContent" : true,
    "attachmentsCount" : 0,
    "stepsCount" : 23
  },
  "afterStages" : [ ],
  "labels" : [ {
    "name" : "package",
    "value" : "test.candidates"
  }, {
    "name" : "testClass",
    "value" : "test.candidates.CreateCandidateTests"
  }, {
    "name" : "testMethod",
    "value" : "createCandidate"
  }, {
    "name" : "suite",
    "value" : "test.candidates.CreateCandidateTests"
  }, {
    "name" : "host",
    "value" : "DESKTOP-DD3A5QC"
  }, {
    "name" : "thread",
    "value" : "2616@DESKTOP-DD3A5QC.main(1)"
  }, {
    "name" : "feature",
    "value" : "Кандидаты"
  }, {
    "name" : "story",
    "value" : "Сценарий - Кандидат успешно создался"
  }, {
    "name" : "severity",
    "value" : "blocker"
  } ],
  "parameters" : [ ],
  "links" : [ ],
  "hidden" : false,
  "extra" : {
    "severity" : "blocker",
    "categories" : [ {
      "name" : "Test defects"
    } ]
  }
}