-------------------------------------------------------------------------------
Test set: test.candidates.CreateCandidateTests
-------------------------------------------------------------------------------
Tests run: 12, Failures: 1, Errors: 0, Skipped: 0, Time elapsed: 424.064 s <<< FAILURE! - in test.candidates.CreateCandidateTests
uploadCVusingSeleniumIncorrect(test.candidates.CreateCandidateTests)  Time elapsed: 22.41 s  <<< FAILURE!
org.junit.ComparisonFailure: expected:<[Виталик]> but was:<[]>
	at test.candidates.CreateCandidateTests.uploadCVusingSeleniumIncorrect(CreateCandidateTests.java:201)

